[Dec 4, 2022, 9:21:53 PM]: Peer [1001] is connected from Peer [1002]
[Dec 4, 2022, 9:21:53 PM]: Peer [1001] is connected from Peer [1004]
[Dec 4, 2022, 9:21:53 PM]: Peer [1001] is connected from Peer [1003]
[Dec 4, 2022, 9:21:53 PM]: Peer [1001] is connected from Peer [1005]
[Dec 4, 2022, 9:21:53 PM]: Peer [1001] received the 'interested' message from [1005]
[Dec 4, 2022, 9:21:53 PM]: Peer [1001] received the 'interested' message from [1002]
[Dec 4, 2022, 9:21:53 PM]: Peer [1001] received the 'interested' message from [1004]
[Dec 4, 2022, 9:21:53 PM]: Peer [1001] received the 'interested' message from [1003]
[Dec 4, 2022, 9:21:56 PM]: Peer [1001] has the preferred neighbors [1002,1004]
[Dec 4, 2022, 9:21:56 PM]: Peer [1001] received the 'have' message from [1004]
[Dec 4, 2022, 9:21:56 PM]: Peer [1001] received the 'have' message from [1002]
[Dec 4, 2022, 9:21:56 PM]: Peer [1001] is unchoked by [1004]
[Dec 4, 2022, 9:21:56 PM]: Peer [1001] received the 'have' message from [1004]
[Dec 4, 2022, 9:21:56 PM]: Peer [1001] received the 'have' message from [1002]
[Dec 4, 2022, 9:21:56 PM]: Peer [1001] received the 'have' message from [1004]
[Dec 4, 2022, 9:21:56 PM]: Peer [1001] received the 'have' message from [1002]
[Dec 4, 2022, 9:21:56 PM]: Peer [1001] received the 'have' message from [1004]
[Dec 4, 2022, 9:21:56 PM]: Peer [1001] received the 'have' message from [1002]
[Dec 4, 2022, 9:21:56 PM]: Peer [1001] received the 'have' message from [1004]
[Dec 4, 2022, 9:21:56 PM]: Peer [1001] received the 'have' message from [1002]
[Dec 4, 2022, 9:21:56 PM]: Peer [1001] received the 'have' message from [1004]
[Dec 4, 2022, 9:21:56 PM]: Peer [1001] received the 'have' message from [1002]
[Dec 4, 2022, 9:21:56 PM]: Peer [1001] received the 'have' message from [1004]
[Dec 4, 2022, 9:21:56 PM]: Peer [1001] received the 'have' message from [1002]
[Dec 4, 2022, 9:21:56 PM]: Peer [1001] received the 'have' message from [1004]
[Dec 4, 2022, 9:21:56 PM]: Peer [1001] received the 'have' message from [1002]
[Dec 4, 2022, 9:21:56 PM]: Peer [1001] received the 'have' message from [1004]
[Dec 4, 2022, 9:21:56 PM]: Peer [1001] received the 'have' message from [1002]
[Dec 4, 2022, 9:21:56 PM]: Peer [1001] received the 'have' message from [1004]
[Dec 4, 2022, 9:21:56 PM]: Peer [1001] received the 'have' message from [1002]
[Dec 4, 2022, 9:21:56 PM]: Peer [1001] received the 'have' message from [1004]
[Dec 4, 2022, 9:21:56 PM]: Peer [1001] received the 'have' message from [1002]
[Dec 4, 2022, 9:21:56 PM]: Peer [1001] received the 'have' message from [1004]
[Dec 4, 2022, 9:21:56 PM]: Peer [1001] received the 'have' message from [1002]
[Dec 4, 2022, 9:21:56 PM]: Peer [1001] received the 'have' message from [1004]
[Dec 4, 2022, 9:21:56 PM]: Peer [1001] received the 'have' message from [1002]
[Dec 4, 2022, 9:21:56 PM]: Peer [1001] received the 'have' message from [1004]
[Dec 4, 2022, 9:21:56 PM]: Peer [1001] received the 'have' message from [1002]
[Dec 4, 2022, 9:21:56 PM]: Peer [1001] received the 'have' message from [1004]
[Dec 4, 2022, 9:21:56 PM]: Peer [1001] received the 'have' message from [1002]
[Dec 4, 2022, 9:21:56 PM]: Peer [1001] received the 'have' message from [1004]
[Dec 4, 2022, 9:21:56 PM]: Peer [1001] received the 'have' message from [1002]
[Dec 4, 2022, 9:21:56 PM]: Peer [1001] received the 'have' message from [1004]
[Dec 4, 2022, 9:21:56 PM]: Peer [1001] received the 'have' message from [1002]
[Dec 4, 2022, 9:21:56 PM]: Peer [1001] received the 'have' message from [1004]
[Dec 4, 2022, 9:21:56 PM]: Peer [1001] received the 'have' message from [1002]
[Dec 4, 2022, 9:21:56 PM]: Peer [1001] received the 'have' message from [1004]
[Dec 4, 2022, 9:21:56 PM]: Peer [1001] received the 'have' message from [1002]
[Dec 4, 2022, 9:21:56 PM]: Peer [1001] received the 'have' message from [1004]
[Dec 4, 2022, 9:21:56 PM]: Peer [1001] received the 'have' message from [1002]
[Dec 4, 2022, 9:21:56 PM]: Peer [1001] received the 'have' message from [1004]
[Dec 4, 2022, 9:21:56 PM]: Peer [1001] received the 'have' message from [1002]
[Dec 4, 2022, 9:21:56 PM]: Peer [1001] received the 'have' message from [1004]
[Dec 4, 2022, 9:21:56 PM]: Peer [1001] received the 'have' message from [1002]
[Dec 4, 2022, 9:21:56 PM]: Peer [1001] received the 'have' message from [1004]
[Dec 4, 2022, 9:21:56 PM]: Peer [1001] received the 'have' message from [1002]
[Dec 4, 2022, 9:21:56 PM]: Peer [1001] received the 'have' message from [1004]
[Dec 4, 2022, 9:21:56 PM]: Peer [1001] received the 'have' message from [1002]
[Dec 4, 2022, 9:21:57 PM]: Peer [1001] received the 'have' message from [1004]
[Dec 4, 2022, 9:21:57 PM]: Peer [1001] received the 'have' message from [1002]
[Dec 4, 2022, 9:21:57 PM]: Peer [1001] received the 'have' message from [1004]
[Dec 4, 2022, 9:21:57 PM]: Peer [1001] received the 'have' message from [1002]
[Dec 4, 2022, 9:21:57 PM]: Peer [1001] received the 'have' message from [1004]
[Dec 4, 2022, 9:21:57 PM]: Peer [1001] received the 'have' message from [1002]
[Dec 4, 2022, 9:21:57 PM]: Peer [1001] received the 'have' message from [1004]
[Dec 4, 2022, 9:21:57 PM]: Peer [1001] received the 'have' message from [1002]
[Dec 4, 2022, 9:21:57 PM]: Peer [1001] received the 'have' message from [1004]
[Dec 4, 2022, 9:21:57 PM]: Peer [1001] received the 'have' message from [1002]
[Dec 4, 2022, 9:21:57 PM]: Peer [1001] received the 'have' message from [1004]
[Dec 4, 2022, 9:21:57 PM]: Peer [1001] received the 'have' message from [1002]
[Dec 4, 2022, 9:21:57 PM]: Peer [1001] received the 'have' message from [1004]
[Dec 4, 2022, 9:21:57 PM]: Peer [1001] received the 'have' message from [1002]
[Dec 4, 2022, 9:21:57 PM]: Peer [1001] received the 'have' message from [1004]
[Dec 4, 2022, 9:21:57 PM]: Peer [1001] received the 'have' message from [1002]
[Dec 4, 2022, 9:21:57 PM]: Peer [1001] received the 'have' message from [1004]
[Dec 4, 2022, 9:21:57 PM]: Peer [1001] received the 'have' message from [1002]
[Dec 4, 2022, 9:21:57 PM]: Peer [1001] received the 'have' message from [1004]
[Dec 4, 2022, 9:21:57 PM]: Peer [1001] received the 'have' message from [1002]
[Dec 4, 2022, 9:21:57 PM]: Peer [1001] received the 'have' message from [1004]
[Dec 4, 2022, 9:21:57 PM]: Peer [1001] received the 'have' message from [1002]
[Dec 4, 2022, 9:21:57 PM]: Peer [1001] received the 'have' message from [1004]
[Dec 4, 2022, 9:21:57 PM]: Peer [1001] received the 'have' message from [1002]
[Dec 4, 2022, 9:21:57 PM]: Peer [1001] received the 'have' message from [1004]
[Dec 4, 2022, 9:21:57 PM]: Peer [1001] received the 'have' message from [1002]
[Dec 4, 2022, 9:21:57 PM]: Peer [1001] received the 'have' message from [1004]
[Dec 4, 2022, 9:21:57 PM]: Peer [1001] received the 'have' message from [1002]
[Dec 4, 2022, 9:21:57 PM]: Peer [1001] received the 'have' message from [1004]
[Dec 4, 2022, 9:21:57 PM]: Peer [1001] received the 'have' message from [1002]
[Dec 4, 2022, 9:21:57 PM]: Peer [1001] received the 'have' message from [1004]
[Dec 4, 2022, 9:21:57 PM]: Peer [1001] received the 'have' message from [1002]
[Dec 4, 2022, 9:21:57 PM]: Peer [1001] received the 'have' message from [1004]
[Dec 4, 2022, 9:21:57 PM]: Peer [1001] received the 'have' message from [1002]
[Dec 4, 2022, 9:21:57 PM]: Peer [1001] received the 'have' message from [1004]
[Dec 4, 2022, 9:21:57 PM]: Peer [1001] received the 'have' message from [1002]
[Dec 4, 2022, 9:21:57 PM]: Peer [1001] received the 'have' message from [1004]
[Dec 4, 2022, 9:21:57 PM]: Peer [1001] received the 'have' message from [1002]
[Dec 4, 2022, 9:21:57 PM]: Peer [1001] received the 'have' message from [1004]
[Dec 4, 2022, 9:21:57 PM]: Peer [1001] received the 'have' message from [1002]
[Dec 4, 2022, 9:21:57 PM]: Peer [1001] received the 'have' message from [1004]
[Dec 4, 2022, 9:21:57 PM]: Peer [1001] received the 'have' message from [1002]
[Dec 4, 2022, 9:21:57 PM]: Peer [1001] received the 'have' message from [1004]
[Dec 4, 2022, 9:21:57 PM]: Peer [1001] received the 'have' message from [1002]
[Dec 4, 2022, 9:21:57 PM]: Peer [1001] received the 'have' message from [1004]
[Dec 4, 2022, 9:21:57 PM]: Peer [1001] received the 'have' message from [1004]
[Dec 4, 2022, 9:21:57 PM]: Peer [1001] received the 'have' message from [1002]
[Dec 4, 2022, 9:21:57 PM]: Peer [1001] received the 'have' message from [1004]
[Dec 4, 2022, 9:21:57 PM]: Peer [1001] received the 'have' message from [1002]
[Dec 4, 2022, 9:21:57 PM]: Peer [1001] received the 'have' message from [1004]
[Dec 4, 2022, 9:21:57 PM]: Peer [1001] received the 'have' message from [1002]
[Dec 4, 2022, 9:21:57 PM]: Peer [1001] received the 'have' message from [1004]
[Dec 4, 2022, 9:21:57 PM]: Peer [1001] received the 'have' message from [1002]
[Dec 4, 2022, 9:21:57 PM]: Peer [1001] received the 'have' message from [1004]
[Dec 4, 2022, 9:21:57 PM]: Peer [1001] received the 'have' message from [1002]
[Dec 4, 2022, 9:21:57 PM]: Peer [1001] received the 'have' message from [1004]
[Dec 4, 2022, 9:21:57 PM]: Peer [1001] received the 'have' message from [1002]
[Dec 4, 2022, 9:21:57 PM]: Peer [1001] received the 'have' message from [1004]
[Dec 4, 2022, 9:21:57 PM]: Peer [1001] received the 'have' message from [1002]
[Dec 4, 2022, 9:21:57 PM]: Peer [1001] received the 'have' message from [1004]
[Dec 4, 2022, 9:21:57 PM]: Peer [1001] received the 'have' message from [1002]
[Dec 4, 2022, 9:21:57 PM]: Peer [1001] received the 'have' message from [1004]
[Dec 4, 2022, 9:21:57 PM]: Peer [1001] received the 'have' message from [1002]
[Dec 4, 2022, 9:21:57 PM]: Peer [1001] received the 'have' message from [1004]
[Dec 4, 2022, 9:21:57 PM]: Peer [1001] received the 'have' message from [1002]
[Dec 4, 2022, 9:21:57 PM]: Peer [1001] received the 'have' message from [1004]
[Dec 4, 2022, 9:21:57 PM]: Peer [1001] received the 'have' message from [1002]
[Dec 4, 2022, 9:21:57 PM]: Peer [1001] received the 'have' message from [1004]
[Dec 4, 2022, 9:21:57 PM]: Peer [1001] received the 'have' message from [1002]
[Dec 4, 2022, 9:21:57 PM]: Peer [1001] received the 'have' message from [1004]
[Dec 4, 2022, 9:21:57 PM]: Peer [1001] received the 'have' message from [1002]
[Dec 4, 2022, 9:21:57 PM]: Peer [1001] received the 'have' message from [1004]
[Dec 4, 2022, 9:21:57 PM]: Peer [1001] received the 'have' message from [1002]
[Dec 4, 2022, 9:21:57 PM]: Peer [1001] received the 'have' message from [1004]
[Dec 4, 2022, 9:21:57 PM]: Peer [1001] received the 'have' message from [1002]
[Dec 4, 2022, 9:21:57 PM]: Peer [1001] received the 'have' message from [1004]
[Dec 4, 2022, 9:21:57 PM]: Peer [1001] received the 'have' message from [1002]
[Dec 4, 2022, 9:21:57 PM]: Peer [1001] received the 'have' message from [1004]
[Dec 4, 2022, 9:21:57 PM]: Peer [1001] received the 'have' message from [1002]
[Dec 4, 2022, 9:21:57 PM]: Peer [1001] received the 'have' message from [1004]
[Dec 4, 2022, 9:21:57 PM]: Peer [1001] received the 'have' message from [1002]
[Dec 4, 2022, 9:21:57 PM]: Peer [1001] received the 'have' message from [1004]
[Dec 4, 2022, 9:21:57 PM]: Peer [1001] received the 'have' message from [1002]
[Dec 4, 2022, 9:21:57 PM]: Peer [1001] received the 'have' message from [1004]
[Dec 4, 2022, 9:21:57 PM]: Peer [1001] received the 'have' message from [1002]
[Dec 4, 2022, 9:21:57 PM]: Peer [1001] received the 'have' message from [1004]
[Dec 4, 2022, 9:21:57 PM]: Peer [1001] received the 'have' message from [1002]
[Dec 4, 2022, 9:21:57 PM]: Peer [1001] received the 'have' message from [1004]
[Dec 4, 2022, 9:21:57 PM]: Peer [1001] has the optimistically unchoked neighbor [1005]
[Dec 4, 2022, 9:21:57 PM]: Peer [1001] received the 'have' message from [1002]
[Dec 4, 2022, 9:21:57 PM]: Peer [1001] received the 'have' message from [1004]
[Dec 4, 2022, 9:21:57 PM]: Peer [1001] received the 'have' message from [1005]
[Dec 4, 2022, 9:21:57 PM]: Peer [1001] received the 'have' message from [1002]
[Dec 4, 2022, 9:21:57 PM]: Peer [1001] received the 'have' message from [1004]
[Dec 4, 2022, 9:21:57 PM]: Peer [1001] received the 'have' message from [1005]
[Dec 4, 2022, 9:21:57 PM]: Peer [1001] received the 'have' message from [1002]
[Dec 4, 2022, 9:21:57 PM]: Peer [1001] received the 'have' message from [1004]
[Dec 4, 2022, 9:21:57 PM]: Peer [1001] received the 'have' message from [1005]
[Dec 4, 2022, 9:21:57 PM]: Peer [1001] received the 'have' message from [1002]
[Dec 4, 2022, 9:21:57 PM]: Peer [1001] received the 'have' message from [1004]
[Dec 4, 2022, 9:21:57 PM]: Peer [1001] received the 'have' message from [1005]
[Dec 4, 2022, 9:21:57 PM]: Peer [1001] received the 'have' message from [1002]
[Dec 4, 2022, 9:21:57 PM]: Peer [1001] received the 'have' message from [1004]
[Dec 4, 2022, 9:21:57 PM]: Peer [1001] received the 'have' message from [1005]
[Dec 4, 2022, 9:21:57 PM]: Peer [1001] received the 'have' message from [1002]
[Dec 4, 2022, 9:21:57 PM]: Peer [1001] received the 'have' message from [1004]
[Dec 4, 2022, 9:21:57 PM]: Peer [1001] received the 'have' message from [1005]
[Dec 4, 2022, 9:21:57 PM]: Peer [1001] received the 'have' message from [1002]
[Dec 4, 2022, 9:21:57 PM]: Peer [1001] received the 'have' message from [1004]
[Dec 4, 2022, 9:21:57 PM]: Peer [1001] received the 'have' message from [1005]
[Dec 4, 2022, 9:21:57 PM]: Peer [1001] received the 'have' message from [1002]
[Dec 4, 2022, 9:21:57 PM]: Peer [1001] received the 'have' message from [1004]
[Dec 4, 2022, 9:21:57 PM]: Peer [1001] received the 'have' message from [1005]
[Dec 4, 2022, 9:21:57 PM]: Peer [1001] received the 'have' message from [1002]
[Dec 4, 2022, 9:21:57 PM]: Peer [1001] received the 'have' message from [1004]
[Dec 4, 2022, 9:21:57 PM]: Peer [1001] received the 'have' message from [1005]
[Dec 4, 2022, 9:21:57 PM]: Peer [1001] received the 'have' message from [1002]
[Dec 4, 2022, 9:21:57 PM]: Peer [1001] received the 'have' message from [1004]
[Dec 4, 2022, 9:21:57 PM]: Peer [1001] received the 'have' message from [1005]
[Dec 4, 2022, 9:21:57 PM]: Peer [1001] received the 'have' message from [1002]
[Dec 4, 2022, 9:21:57 PM]: Peer [1001] received the 'have' message from [1004]
[Dec 4, 2022, 9:21:57 PM]: Peer [1001] received the 'have' message from [1005]
[Dec 4, 2022, 9:21:57 PM]: Peer [1001] received the 'have' message from [1002]
[Dec 4, 2022, 9:21:57 PM]: Peer [1001] received the 'have' message from [1004]
[Dec 4, 2022, 9:21:57 PM]: Peer [1001] received the 'have' message from [1005]
[Dec 4, 2022, 9:21:57 PM]: Peer [1001] received the 'have' message from [1002]
[Dec 4, 2022, 9:21:57 PM]: Peer [1001] received the 'have' message from [1004]
[Dec 4, 2022, 9:21:57 PM]: Peer [1001] received the 'have' message from [1005]
[Dec 4, 2022, 9:21:57 PM]: Peer [1001] received the 'have' message from [1002]
[Dec 4, 2022, 9:21:57 PM]: Peer [1001] received the 'have' message from [1004]
[Dec 4, 2022, 9:21:57 PM]: Peer [1001] received the 'have' message from [1005]
[Dec 4, 2022, 9:21:57 PM]: Peer [1001] received the 'have' message from [1002]
[Dec 4, 2022, 9:21:57 PM]: Peer [1001] received the 'have' message from [1004]
[Dec 4, 2022, 9:21:57 PM]: Peer [1001] received the 'have' message from [1005]
[Dec 4, 2022, 9:21:57 PM]: Peer [1001] received the 'have' message from [1002]
[Dec 4, 2022, 9:21:57 PM]: Peer [1001] received the 'have' message from [1004]
[Dec 4, 2022, 9:21:57 PM]: Peer [1001] received the 'have' message from [1005]
[Dec 4, 2022, 9:21:57 PM]: Peer [1001] received the 'have' message from [1002]
[Dec 4, 2022, 9:21:57 PM]: Peer [1001] received the 'have' message from [1004]
[Dec 4, 2022, 9:21:57 PM]: Peer [1001] received the 'have' message from [1005]
[Dec 4, 2022, 9:21:57 PM]: Peer [1001] received the 'have' message from [1002]
[Dec 4, 2022, 9:21:57 PM]: Peer [1001] received the 'have' message from [1004]
[Dec 4, 2022, 9:21:57 PM]: Peer [1001] received the 'have' message from [1005]
[Dec 4, 2022, 9:21:57 PM]: Peer [1001] received the 'have' message from [1002]
[Dec 4, 2022, 9:21:57 PM]: Peer [1001] received the 'have' message from [1004]
[Dec 4, 2022, 9:21:57 PM]: Peer [1001] received the 'have' message from [1005]
[Dec 4, 2022, 9:21:57 PM]: Peer [1001] received the 'have' message from [1002]
[Dec 4, 2022, 9:21:57 PM]: Peer [1001] received the 'have' message from [1004]
[Dec 4, 2022, 9:21:57 PM]: Peer [1001] received the 'have' message from [1005]
[Dec 4, 2022, 9:21:57 PM]: Peer [1001] received the 'have' message from [1002]
[Dec 4, 2022, 9:21:57 PM]: Peer [1001] received the 'have' message from [1004]
[Dec 4, 2022, 9:21:57 PM]: Peer [1001] received the 'have' message from [1005]
[Dec 4, 2022, 9:21:58 PM]: Peer [1001] received the 'have' message from [1002]
[Dec 4, 2022, 9:21:58 PM]: Peer [1001] received the 'have' message from [1004]
[Dec 4, 2022, 9:21:58 PM]: Peer [1001] received the 'have' message from [1005]
[Dec 4, 2022, 9:21:58 PM]: Peer [1001] received the 'have' message from [1002]
[Dec 4, 2022, 9:21:58 PM]: Peer [1001] received the 'have' message from [1004]
[Dec 4, 2022, 9:21:58 PM]: Peer [1001] received the 'have' message from [1005]
[Dec 4, 2022, 9:21:58 PM]: Peer [1001] received the 'have' message from [1002]
[Dec 4, 2022, 9:21:58 PM]: Peer [1001] received the 'have' message from [1004]
[Dec 4, 2022, 9:21:58 PM]: Peer [1001] received the 'not interested' message from [1004]
[Dec 4, 2022, 9:21:58 PM]: Peer [1001] received the 'have' message from [1005]
[Dec 4, 2022, 9:21:58 PM]: Peer [1001] received the 'have' message from [1002]
[Dec 4, 2022, 9:21:58 PM]: Peer [1001] received the 'have' message from [1005]
[Dec 4, 2022, 9:21:58 PM]: Peer [1001] received the 'have' message from [1002]
[Dec 4, 2022, 9:21:58 PM]: Peer [1001] received the 'not interested' message from [1002]
[Dec 4, 2022, 9:21:58 PM]: Peer [1001] received the 'have' message from [1005]
[Dec 4, 2022, 9:21:58 PM]: Peer [1001] received the 'have' message from [1005]
[Dec 4, 2022, 9:21:58 PM]: Peer [1001] received the 'have' message from [1005]
[Dec 4, 2022, 9:21:58 PM]: Peer [1001] received the 'have' message from [1005]
[Dec 4, 2022, 9:21:58 PM]: Peer [1001] received the 'have' message from [1005]
[Dec 4, 2022, 9:21:58 PM]: Peer [1001] received the 'have' message from [1005]
[Dec 4, 2022, 9:21:58 PM]: Peer [1001] received the 'have' message from [1005]
[Dec 4, 2022, 9:21:58 PM]: Peer [1001] received the 'have' message from [1005]
[Dec 4, 2022, 9:21:58 PM]: Peer [1001] received the 'have' message from [1005]
[Dec 4, 2022, 9:21:58 PM]: Peer [1001] received the 'have' message from [1005]
[Dec 4, 2022, 9:21:58 PM]: Peer [1001] received the 'have' message from [1005]
[Dec 4, 2022, 9:21:58 PM]: Peer [1001] received the 'have' message from [1005]
[Dec 4, 2022, 9:21:58 PM]: Peer [1001] received the 'have' message from [1005]
[Dec 4, 2022, 9:21:58 PM]: Peer [1001] received the 'have' message from [1005]
[Dec 4, 2022, 9:21:58 PM]: Peer [1001] received the 'have' message from [1005]
[Dec 4, 2022, 9:21:58 PM]: Peer [1001] received the 'have' message from [1005]
[Dec 4, 2022, 9:21:58 PM]: Peer [1001] received the 'have' message from [1005]
[Dec 4, 2022, 9:21:58 PM]: Peer [1001] received the 'have' message from [1005]
[Dec 4, 2022, 9:21:58 PM]: Peer [1001] received the 'have' message from [1005]
[Dec 4, 2022, 9:21:58 PM]: Peer [1001] received the 'have' message from [1005]
[Dec 4, 2022, 9:21:58 PM]: Peer [1001] received the 'have' message from [1005]
[Dec 4, 2022, 9:21:58 PM]: Peer [1001] received the 'have' message from [1005]
[Dec 4, 2022, 9:21:58 PM]: Peer [1001] received the 'have' message from [1005]
[Dec 4, 2022, 9:21:58 PM]: Peer [1001] received the 'have' message from [1005]
[Dec 4, 2022, 9:21:58 PM]: Peer [1001] received the 'have' message from [1005]
[Dec 4, 2022, 9:21:58 PM]: Peer [1001] received the 'have' message from [1005]
[Dec 4, 2022, 9:21:58 PM]: Peer [1001] received the 'have' message from [1005]
[Dec 4, 2022, 9:21:58 PM]: Peer [1001] received the 'have' message from [1005]
[Dec 4, 2022, 9:21:58 PM]: Peer [1001] received the 'have' message from [1005]
[Dec 4, 2022, 9:21:58 PM]: Peer [1001] received the 'have' message from [1005]
[Dec 4, 2022, 9:21:58 PM]: Peer [1001] received the 'have' message from [1005]
[Dec 4, 2022, 9:21:58 PM]: Peer [1001] received the 'have' message from [1005]
[Dec 4, 2022, 9:21:58 PM]: Peer [1001] received the 'have' message from [1005]
[Dec 4, 2022, 9:21:58 PM]: Peer [1001] received the 'have' message from [1005]
[Dec 4, 2022, 9:21:58 PM]: Peer [1001] received the 'have' message from [1005]
[Dec 4, 2022, 9:21:58 PM]: Peer [1001] received the 'have' message from [1005]
[Dec 4, 2022, 9:21:58 PM]: Peer [1001] received the 'have' message from [1005]
[Dec 4, 2022, 9:21:58 PM]: Peer [1001] is unchoked by [1002]
[Dec 4, 2022, 9:21:58 PM]: Peer [1001] received the 'have' message from [1005]
[Dec 4, 2022, 9:21:58 PM]: Peer [1001] received the 'have' message from [1003]
[Dec 4, 2022, 9:21:58 PM]: Peer [1001] received the 'have' message from [1005]
[Dec 4, 2022, 9:21:58 PM]: Peer [1001] received the 'have' message from [1003]
[Dec 4, 2022, 9:21:58 PM]: Peer [1001] received the 'have' message from [1005]
[Dec 4, 2022, 9:21:58 PM]: Peer [1001] received the 'have' message from [1003]
[Dec 4, 2022, 9:21:58 PM]: Peer [1001] received the 'have' message from [1005]
[Dec 4, 2022, 9:21:58 PM]: Peer [1001] received the 'have' message from [1003]
[Dec 4, 2022, 9:21:58 PM]: Peer [1001] received the 'have' message from [1005]
[Dec 4, 2022, 9:21:58 PM]: Peer [1001] received the 'have' message from [1003]
[Dec 4, 2022, 9:21:58 PM]: Peer [1001] received the 'have' message from [1005]
[Dec 4, 2022, 9:21:58 PM]: Peer [1001] received the 'have' message from [1003]
[Dec 4, 2022, 9:21:58 PM]: Peer [1001] received the 'have' message from [1005]
[Dec 4, 2022, 9:21:58 PM]: Peer [1001] received the 'have' message from [1003]
[Dec 4, 2022, 9:21:58 PM]: Peer [1001] received the 'have' message from [1005]
[Dec 4, 2022, 9:21:58 PM]: Peer [1001] received the 'have' message from [1003]
[Dec 4, 2022, 9:21:58 PM]: Peer [1001] received the 'have' message from [1005]
[Dec 4, 2022, 9:21:58 PM]: Peer [1001] received the 'have' message from [1003]
[Dec 4, 2022, 9:21:58 PM]: Peer [1001] received the 'have' message from [1005]
[Dec 4, 2022, 9:21:58 PM]: Peer [1001] received the 'have' message from [1003]
[Dec 4, 2022, 9:21:58 PM]: Peer [1001] received the 'have' message from [1003]
[Dec 4, 2022, 9:21:58 PM]: Peer [1001] received the 'have' message from [1005]
[Dec 4, 2022, 9:21:58 PM]: Peer [1001] received the 'have' message from [1003]
[Dec 4, 2022, 9:21:58 PM]: Peer [1001] received the 'have' message from [1005]
[Dec 4, 2022, 9:21:58 PM]: Peer [1001] received the 'have' message from [1003]
[Dec 4, 2022, 9:21:58 PM]: Peer [1001] received the 'have' message from [1003]
[Dec 4, 2022, 9:21:58 PM]: Peer [1001] received the 'have' message from [1005]
[Dec 4, 2022, 9:21:58 PM]: Peer [1001] received the 'have' message from [1003]
[Dec 4, 2022, 9:21:58 PM]: Peer [1001] received the 'have' message from [1003]
[Dec 4, 2022, 9:21:58 PM]: Peer [1001] received the 'have' message from [1003]
[Dec 4, 2022, 9:21:58 PM]: Peer [1001] received the 'have' message from [1005]
[Dec 4, 2022, 9:21:58 PM]: Peer [1001] received the 'have' message from [1003]
[Dec 4, 2022, 9:21:58 PM]: Peer [1001] received the 'have' message from [1003]
[Dec 4, 2022, 9:21:58 PM]: Peer [1001] received the 'have' message from [1003]
[Dec 4, 2022, 9:21:58 PM]: Peer [1001] received the 'have' message from [1005]
[Dec 4, 2022, 9:21:58 PM]: Peer [1001] received the 'have' message from [1003]
[Dec 4, 2022, 9:21:58 PM]: Peer [1001] received the 'have' message from [1003]
[Dec 4, 2022, 9:21:58 PM]: Peer [1001] received the 'have' message from [1003]
[Dec 4, 2022, 9:21:58 PM]: Peer [1001] received the 'have' message from [1005]
[Dec 4, 2022, 9:21:58 PM]: Peer [1001] received the 'have' message from [1003]
[Dec 4, 2022, 9:21:58 PM]: Peer [1001] received the 'have' message from [1003]
[Dec 4, 2022, 9:21:58 PM]: Peer [1001] received the 'have' message from [1003]
[Dec 4, 2022, 9:21:58 PM]: Peer [1001] received the 'have' message from [1005]
[Dec 4, 2022, 9:21:58 PM]: Peer [1001] received the 'have' message from [1003]
[Dec 4, 2022, 9:21:58 PM]: Peer [1001] received the 'have' message from [1003]
[Dec 4, 2022, 9:21:58 PM]: Peer [1001] received the 'have' message from [1003]
[Dec 4, 2022, 9:21:58 PM]: Peer [1001] received the 'have' message from [1005]
[Dec 4, 2022, 9:21:58 PM]: Peer [1001] received the 'have' message from [1003]
[Dec 4, 2022, 9:21:58 PM]: Peer [1001] received the 'have' message from [1003]
[Dec 4, 2022, 9:21:58 PM]: Peer [1001] received the 'have' message from [1003]
[Dec 4, 2022, 9:21:58 PM]: Peer [1001] received the 'have' message from [1005]
[Dec 4, 2022, 9:21:58 PM]: Peer [1001] received the 'have' message from [1003]
[Dec 4, 2022, 9:21:58 PM]: Peer [1001] received the 'have' message from [1003]
[Dec 4, 2022, 9:21:58 PM]: Peer [1001] received the 'have' message from [1003]
[Dec 4, 2022, 9:21:58 PM]: Peer [1001] received the 'have' message from [1005]
[Dec 4, 2022, 9:21:58 PM]: Peer [1001] received the 'have' message from [1003]
[Dec 4, 2022, 9:21:58 PM]: Peer [1001] received the 'have' message from [1005]
[Dec 4, 2022, 9:21:58 PM]: Peer [1001] received the 'have' message from [1003]
[Dec 4, 2022, 9:21:58 PM]: Peer [1001] received the 'have' message from [1003]
[Dec 4, 2022, 9:21:58 PM]: Peer [1001] received the 'have' message from [1003]
[Dec 4, 2022, 9:21:58 PM]: Peer [1001] received the 'have' message from [1005]
[Dec 4, 2022, 9:21:58 PM]: Peer [1001] received the 'have' message from [1003]
[Dec 4, 2022, 9:21:58 PM]: Peer [1001] received the 'have' message from [1003]
[Dec 4, 2022, 9:21:58 PM]: Peer [1001] received the 'have' message from [1003]
[Dec 4, 2022, 9:21:58 PM]: Peer [1001] received the 'have' message from [1005]
[Dec 4, 2022, 9:21:58 PM]: Peer [1001] received the 'have' message from [1003]
[Dec 4, 2022, 9:21:58 PM]: Peer [1001] received the 'have' message from [1003]
[Dec 4, 2022, 9:21:58 PM]: Peer [1001] received the 'have' message from [1003]
[Dec 4, 2022, 9:21:59 PM]: Peer [1001] received the 'have' message from [1005]
[Dec 4, 2022, 9:21:59 PM]: Peer [1001] received the 'have' message from [1003]
[Dec 4, 2022, 9:21:59 PM]: Peer [1001] received the 'have' message from [1003]
[Dec 4, 2022, 9:21:59 PM]: Peer [1001] received the 'have' message from [1003]
[Dec 4, 2022, 9:21:59 PM]: Peer [1001] received the 'have' message from [1005]
[Dec 4, 2022, 9:21:59 PM]: Peer [1001] received the 'have' message from [1003]
[Dec 4, 2022, 9:21:59 PM]: Peer [1001] received the 'have' message from [1003]
[Dec 4, 2022, 9:21:59 PM]: Peer [1001] received the 'have' message from [1003]
[Dec 4, 2022, 9:21:59 PM]: Peer [1001] received the 'have' message from [1005]
[Dec 4, 2022, 9:21:59 PM]: Peer [1001] received the 'have' message from [1003]
[Dec 4, 2022, 9:21:59 PM]: Peer [1001] received the 'have' message from [1003]
[Dec 4, 2022, 9:21:59 PM]: Peer [1001] received the 'have' message from [1003]
[Dec 4, 2022, 9:21:59 PM]: Peer [1001] received the 'have' message from [1005]
[Dec 4, 2022, 9:21:59 PM]: Peer [1001] received the 'have' message from [1003]
[Dec 4, 2022, 9:21:59 PM]: Peer [1001] received the 'have' message from [1003]
[Dec 4, 2022, 9:21:59 PM]: Peer [1001] received the 'have' message from [1003]
[Dec 4, 2022, 9:21:59 PM]: Peer [1001] received the 'have' message from [1005]
[Dec 4, 2022, 9:21:59 PM]: Peer [1001] received the 'have' message from [1003]
[Dec 4, 2022, 9:21:59 PM]: Peer [1001] received the 'have' message from [1003]
[Dec 4, 2022, 9:21:59 PM]: Peer [1001] received the 'have' message from [1003]
[Dec 4, 2022, 9:21:59 PM]: Peer [1001] received the 'have' message from [1005]
[Dec 4, 2022, 9:21:59 PM]: Peer [1001] received the 'have' message from [1003]
[Dec 4, 2022, 9:21:59 PM]: Peer [1001] received the 'have' message from [1003]
[Dec 4, 2022, 9:21:59 PM]: Peer [1001] received the 'have' message from [1003]
[Dec 4, 2022, 9:21:59 PM]: Peer [1001] received the 'have' message from [1005]
[Dec 4, 2022, 9:21:59 PM]: Peer [1001] received the 'have' message from [1003]
[Dec 4, 2022, 9:21:59 PM]: Peer [1001] received the 'have' message from [1003]
[Dec 4, 2022, 9:21:59 PM]: Peer [1001] received the 'have' message from [1003]
[Dec 4, 2022, 9:21:59 PM]: Peer [1001] received the 'have' message from [1005]
[Dec 4, 2022, 9:21:59 PM]: Peer [1001] received the 'not interested' message from [1005]
[Dec 4, 2022, 9:21:59 PM]: Peer [1001] received the 'have' message from [1003]
[Dec 4, 2022, 9:21:59 PM]: Peer [1001] received the 'have' message from [1003]
[Dec 4, 2022, 9:21:59 PM]: Peer [1001] received the 'have' message from [1003]
[Dec 4, 2022, 9:21:59 PM]: Peer [1001] received the 'have' message from [1003]
[Dec 4, 2022, 9:21:59 PM]: Peer [1001] received the 'have' message from [1003]
[Dec 4, 2022, 9:21:59 PM]: Peer [1001] received the 'have' message from [1003]
[Dec 4, 2022, 9:21:59 PM]: Peer [1001] received the 'have' message from [1003]
[Dec 4, 2022, 9:21:59 PM]: Peer [1001] received the 'have' message from [1003]
[Dec 4, 2022, 9:21:59 PM]: Peer [1001] received the 'have' message from [1003]
[Dec 4, 2022, 9:21:59 PM]: Peer [1001] received the 'have' message from [1003]
[Dec 4, 2022, 9:21:59 PM]: Peer [1001] received the 'have' message from [1003]
[Dec 4, 2022, 9:21:59 PM]: Peer [1001] received the 'have' message from [1003]
[Dec 4, 2022, 9:21:59 PM]: Peer [1001] received the 'have' message from [1003]
[Dec 4, 2022, 9:21:59 PM]: Peer [1001] received the 'have' message from [1003]
[Dec 4, 2022, 9:21:59 PM]: Peer [1001] received the 'have' message from [1003]
[Dec 4, 2022, 9:21:59 PM]: Peer [1001] received the 'have' message from [1003]
[Dec 4, 2022, 9:21:59 PM]: Peer [1001] received the 'have' message from [1003]
[Dec 4, 2022, 9:21:59 PM]: Peer [1001] received the 'have' message from [1003]
[Dec 4, 2022, 9:21:59 PM]: Peer [1001] received the 'have' message from [1003]
[Dec 4, 2022, 9:21:59 PM]: Peer [1001] received the 'have' message from [1003]
[Dec 4, 2022, 9:21:59 PM]: Peer [1001] received the 'have' message from [1003]
[Dec 4, 2022, 9:21:59 PM]: Peer [1001] received the 'have' message from [1003]
[Dec 4, 2022, 9:21:59 PM]: Peer [1001] received the 'have' message from [1003]
[Dec 4, 2022, 9:21:59 PM]: Peer [1001] received the 'have' message from [1003]
[Dec 4, 2022, 9:21:59 PM]: Peer [1001] received the 'have' message from [1003]
[Dec 4, 2022, 9:21:59 PM]: Peer [1001] received the 'have' message from [1003]
[Dec 4, 2022, 9:21:59 PM]: Peer [1001] received the 'have' message from [1003]
[Dec 4, 2022, 9:21:59 PM]: Peer [1001] received the 'have' message from [1003]
[Dec 4, 2022, 9:21:59 PM]: Peer [1001] has the preferred neighbors [1004,1005]
[Dec 4, 2022, 9:22:00 PM]: Peer [1001] is choked by [1004]
[Dec 4, 2022, 9:22:00 PM]: Peer [1001] is unchoked by [1004]
[Dec 4, 2022, 9:22:01 PM]: Peer [1001] is choked by [1002]
[Dec 4, 2022, 9:22:01 PM]: Peer [1001] has the optimistically unchoked neighbor [1003]
[Dec 4, 2022, 9:22:01 PM]: Peer [1001] received the 'not interested' message from [1003]
[Dec 4, 2022, 9:22:01 PM]: Peer [1001] is unchoked by [1004]
[Dec 4, 2022, 9:22:04 PM]: Peer [1001] is choked by [1004]
[Dec 4, 2022, 9:22:04 PM]: Peer [1001] is unchoked by [1004]
[Dec 4, 2022, 9:22:04 PM]: Peer [1001] is choked by [1004]
