[Dec 4, 2022, 9:21:52 PM]: Peer [1004] makes a connection to Peer [1002]
[Dec 4, 2022, 9:21:52 PM]: Peer [1004] makes a connection to Peer [1001]
[Dec 4, 2022, 9:21:52 PM]: Peer [1004] makes a connection to Peer [1003]
[Dec 4, 2022, 9:21:52 PM]: Peer [1004] is connected from Peer [1005]
[Dec 4, 2022, 9:21:52 PM]: Peer [1004] received the 'not interested' message from [1005]
[Dec 4, 2022, 9:21:56 PM]: Peer [1004] is unchoked by [1001]
[Dec 4, 2022, 9:21:56 PM]: Peer [1004] has downloaded the piece [28] from [1001]
[Dec 4, 2022, 9:21:56 PM]: Peer [1004] received the 'have' message from [1002]
[Dec 4, 2022, 9:21:56 PM]: Peer [1004] received the 'interested' message from [1005]
[Dec 4, 2022, 9:21:56 PM]: Peer [1004] received the 'interested' message from [1002]
[Dec 4, 2022, 9:21:56 PM]: Peer [1004] received the 'interested' message from [1003]
[Dec 4, 2022, 9:21:56 PM]: Peer [1004] has the optimistically unchoked neighbor [1001]
[Dec 4, 2022, 9:21:56 PM]: Peer [1004] has downloaded the piece [33] from [1001]
[Dec 4, 2022, 9:21:56 PM]: Peer [1004] received the 'not interested' message from [1001]
[Dec 4, 2022, 9:21:56 PM]: Peer [1004] received the 'have' message from [1002]
[Dec 4, 2022, 9:21:56 PM]: Peer [1004] has downloaded the piece [10] from [1001]
[Dec 4, 2022, 9:21:56 PM]: Peer [1004] received the 'have' message from [1002]
[Dec 4, 2022, 9:21:56 PM]: Peer [1004] has downloaded the piece [48] from [1001]
[Dec 4, 2022, 9:21:56 PM]: Peer [1004] received the 'have' message from [1002]
[Dec 4, 2022, 9:21:56 PM]: Peer [1004] has downloaded the piece [13] from [1001]
[Dec 4, 2022, 9:21:56 PM]: Peer [1004] received the 'have' message from [1002]
[Dec 4, 2022, 9:21:56 PM]: Peer [1004] has downloaded the piece [1] from [1001]
[Dec 4, 2022, 9:21:56 PM]: Peer [1004] received the 'have' message from [1002]
[Dec 4, 2022, 9:21:56 PM]: Peer [1004] has downloaded the piece [86] from [1001]
[Dec 4, 2022, 9:21:56 PM]: Peer [1004] received the 'have' message from [1002]
[Dec 4, 2022, 9:21:56 PM]: Peer [1004] has downloaded the piece [7] from [1001]
[Dec 4, 2022, 9:21:56 PM]: Peer [1004] received the 'have' message from [1002]
[Dec 4, 2022, 9:21:56 PM]: Peer [1004] has downloaded the piece [74] from [1001]
[Dec 4, 2022, 9:21:56 PM]: Peer [1004] received the 'have' message from [1002]
[Dec 4, 2022, 9:21:56 PM]: Peer [1004] has downloaded the piece [50] from [1001]
[Dec 4, 2022, 9:21:56 PM]: Peer [1004] received the 'have' message from [1002]
[Dec 4, 2022, 9:21:56 PM]: Peer [1004] has downloaded the piece [72] from [1001]
[Dec 4, 2022, 9:21:56 PM]: Peer [1004] received the 'have' message from [1002]
[Dec 4, 2022, 9:21:56 PM]: Peer [1004] has downloaded the piece [11] from [1001]
[Dec 4, 2022, 9:21:56 PM]: Peer [1004] received the 'have' message from [1002]
[Dec 4, 2022, 9:21:56 PM]: Peer [1004] has downloaded the piece [57] from [1001]
[Dec 4, 2022, 9:21:56 PM]: Peer [1004] received the 'have' message from [1002]
[Dec 4, 2022, 9:21:56 PM]: Peer [1004] has downloaded the piece [25] from [1001]
[Dec 4, 2022, 9:21:56 PM]: Peer [1004] received the 'have' message from [1002]
[Dec 4, 2022, 9:21:56 PM]: Peer [1004] has downloaded the piece [2] from [1001]
[Dec 4, 2022, 9:21:56 PM]: Peer [1004] received the 'have' message from [1002]
[Dec 4, 2022, 9:21:56 PM]: Peer [1004] has downloaded the piece [87] from [1001]
[Dec 4, 2022, 9:21:56 PM]: Peer [1004] received the 'have' message from [1002]
[Dec 4, 2022, 9:21:56 PM]: Peer [1004] has downloaded the piece [58] from [1001]
[Dec 4, 2022, 9:21:56 PM]: Peer [1004] received the 'have' message from [1002]
[Dec 4, 2022, 9:21:56 PM]: Peer [1004] has downloaded the piece [78] from [1001]
[Dec 4, 2022, 9:21:56 PM]: Peer [1004] received the 'have' message from [1002]
[Dec 4, 2022, 9:21:56 PM]: Peer [1004] has downloaded the piece [76] from [1001]
[Dec 4, 2022, 9:21:56 PM]: Peer [1004] received the 'have' message from [1002]
[Dec 4, 2022, 9:21:56 PM]: Peer [1004] has downloaded the piece [46] from [1001]
[Dec 4, 2022, 9:21:56 PM]: Peer [1004] received the 'have' message from [1002]
[Dec 4, 2022, 9:21:56 PM]: Peer [1004] has downloaded the piece [64] from [1001]
[Dec 4, 2022, 9:21:56 PM]: Peer [1004] received the 'have' message from [1002]
[Dec 4, 2022, 9:21:56 PM]: Peer [1004] has downloaded the piece [34] from [1001]
[Dec 4, 2022, 9:21:56 PM]: Peer [1004] received the 'have' message from [1002]
[Dec 4, 2022, 9:21:56 PM]: Peer [1004] has downloaded the piece [65] from [1001]
[Dec 4, 2022, 9:21:56 PM]: Peer [1004] received the 'have' message from [1002]
[Dec 4, 2022, 9:21:56 PM]: Peer [1004] has downloaded the piece [40] from [1001]
[Dec 4, 2022, 9:21:56 PM]: Peer [1004] received the 'have' message from [1002]
[Dec 4, 2022, 9:21:57 PM]: Peer [1004] has downloaded the piece [73] from [1001]
[Dec 4, 2022, 9:21:57 PM]: Peer [1004] received the 'have' message from [1002]
[Dec 4, 2022, 9:21:57 PM]: Peer [1004] has downloaded the piece [32] from [1001]
[Dec 4, 2022, 9:21:57 PM]: Peer [1004] received the 'have' message from [1002]
[Dec 4, 2022, 9:21:57 PM]: Peer [1004] has downloaded the piece [91] from [1001]
[Dec 4, 2022, 9:21:57 PM]: Peer [1004] received the 'have' message from [1002]
[Dec 4, 2022, 9:21:57 PM]: Peer [1004] has downloaded the piece [92] from [1001]
[Dec 4, 2022, 9:21:57 PM]: Peer [1004] received the 'have' message from [1002]
[Dec 4, 2022, 9:21:57 PM]: Peer [1004] has downloaded the piece [37] from [1001]
[Dec 4, 2022, 9:21:57 PM]: Peer [1004] received the 'have' message from [1002]
[Dec 4, 2022, 9:21:57 PM]: Peer [1004] has downloaded the piece [85] from [1001]
[Dec 4, 2022, 9:21:57 PM]: Peer [1004] received the 'have' message from [1002]
[Dec 4, 2022, 9:21:57 PM]: Peer [1004] has downloaded the piece [75] from [1001]
[Dec 4, 2022, 9:21:57 PM]: Peer [1004] received the 'have' message from [1002]
[Dec 4, 2022, 9:21:57 PM]: Peer [1004] has downloaded the piece [21] from [1001]
[Dec 4, 2022, 9:21:57 PM]: Peer [1004] received the 'have' message from [1002]
[Dec 4, 2022, 9:21:57 PM]: Peer [1004] has downloaded the piece [83] from [1001]
[Dec 4, 2022, 9:21:57 PM]: Peer [1004] received the 'have' message from [1002]
[Dec 4, 2022, 9:21:57 PM]: Peer [1004] has downloaded the piece [30] from [1001]
[Dec 4, 2022, 9:21:57 PM]: Peer [1004] received the 'have' message from [1002]
[Dec 4, 2022, 9:21:57 PM]: Peer [1004] has downloaded the piece [4] from [1001]
[Dec 4, 2022, 9:21:57 PM]: Peer [1004] received the 'have' message from [1002]
[Dec 4, 2022, 9:21:57 PM]: Peer [1004] has downloaded the piece [53] from [1001]
[Dec 4, 2022, 9:21:57 PM]: Peer [1004] received the 'have' message from [1002]
[Dec 4, 2022, 9:21:57 PM]: Peer [1004] has downloaded the piece [39] from [1001]
[Dec 4, 2022, 9:21:57 PM]: Peer [1004] received the 'have' message from [1002]
[Dec 4, 2022, 9:21:57 PM]: Peer [1004] has downloaded the piece [43] from [1001]
[Dec 4, 2022, 9:21:57 PM]: Peer [1004] received the 'have' message from [1002]
[Dec 4, 2022, 9:21:57 PM]: Peer [1004] has downloaded the piece [59] from [1001]
[Dec 4, 2022, 9:21:57 PM]: Peer [1004] received the 'have' message from [1002]
[Dec 4, 2022, 9:21:57 PM]: Peer [1004] has downloaded the piece [45] from [1001]
[Dec 4, 2022, 9:21:57 PM]: Peer [1004] received the 'have' message from [1002]
[Dec 4, 2022, 9:21:57 PM]: Peer [1004] has downloaded the piece [82] from [1001]
[Dec 4, 2022, 9:21:57 PM]: Peer [1004] received the 'have' message from [1002]
[Dec 4, 2022, 9:21:57 PM]: Peer [1004] has downloaded the piece [18] from [1001]
[Dec 4, 2022, 9:21:57 PM]: Peer [1004] received the 'have' message from [1002]
[Dec 4, 2022, 9:21:57 PM]: Peer [1004] has downloaded the piece [70] from [1001]
[Dec 4, 2022, 9:21:57 PM]: Peer [1004] has downloaded the piece [77] from [1001]
[Dec 4, 2022, 9:21:57 PM]: Peer [1004] received the 'have' message from [1002]
[Dec 4, 2022, 9:21:57 PM]: Peer [1004] has downloaded the piece [6] from [1001]
[Dec 4, 2022, 9:21:57 PM]: Peer [1004] received the 'have' message from [1002]
[Dec 4, 2022, 9:21:57 PM]: Peer [1004] received the 'have' message from [1002]
[Dec 4, 2022, 9:21:57 PM]: Peer [1004] has downloaded the piece [89] from [1001]
[Dec 4, 2022, 9:21:57 PM]: Peer [1004] has downloaded the piece [9] from [1001]
[Dec 4, 2022, 9:21:57 PM]: Peer [1004] received the 'have' message from [1002]
[Dec 4, 2022, 9:21:57 PM]: Peer [1004] has downloaded the piece [68] from [1001]
[Dec 4, 2022, 9:21:57 PM]: Peer [1004] received the 'have' message from [1002]
[Dec 4, 2022, 9:21:57 PM]: Peer [1004] has downloaded the piece [47] from [1001]
[Dec 4, 2022, 9:21:57 PM]: Peer [1004] received the 'have' message from [1002]
[Dec 4, 2022, 9:21:57 PM]: Peer [1004] has downloaded the piece [16] from [1001]
[Dec 4, 2022, 9:21:57 PM]: Peer [1004] received the 'have' message from [1002]
[Dec 4, 2022, 9:21:57 PM]: Peer [1004] has downloaded the piece [56] from [1001]
[Dec 4, 2022, 9:21:57 PM]: Peer [1004] received the 'have' message from [1002]
[Dec 4, 2022, 9:21:57 PM]: Peer [1004] has downloaded the piece [51] from [1001]
[Dec 4, 2022, 9:21:57 PM]: Peer [1004] received the 'have' message from [1002]
[Dec 4, 2022, 9:21:57 PM]: Peer [1004] has downloaded the piece [42] from [1001]
[Dec 4, 2022, 9:21:57 PM]: Peer [1004] received the 'have' message from [1002]
[Dec 4, 2022, 9:21:57 PM]: Peer [1004] has downloaded the piece [69] from [1001]
[Dec 4, 2022, 9:21:57 PM]: Peer [1004] received the 'have' message from [1002]
[Dec 4, 2022, 9:21:57 PM]: Peer [1004] has downloaded the piece [90] from [1001]
[Dec 4, 2022, 9:21:57 PM]: Peer [1004] received the 'have' message from [1002]
[Dec 4, 2022, 9:21:57 PM]: Peer [1004] has downloaded the piece [31] from [1001]
[Dec 4, 2022, 9:21:57 PM]: Peer [1004] received the 'have' message from [1002]
[Dec 4, 2022, 9:21:57 PM]: Peer [1004] has downloaded the piece [63] from [1001]
[Dec 4, 2022, 9:21:57 PM]: Peer [1004] received the 'have' message from [1002]
[Dec 4, 2022, 9:21:57 PM]: Peer [1004] has downloaded the piece [49] from [1001]
[Dec 4, 2022, 9:21:57 PM]: Peer [1004] received the 'have' message from [1002]
[Dec 4, 2022, 9:21:57 PM]: Peer [1004] has downloaded the piece [67] from [1001]
[Dec 4, 2022, 9:21:57 PM]: Peer [1004] received the 'have' message from [1002]
[Dec 4, 2022, 9:21:57 PM]: Peer [1004] has downloaded the piece [0] from [1001]
[Dec 4, 2022, 9:21:57 PM]: Peer [1004] received the 'have' message from [1002]
[Dec 4, 2022, 9:21:57 PM]: Peer [1004] has downloaded the piece [14] from [1001]
[Dec 4, 2022, 9:21:57 PM]: Peer [1004] received the 'have' message from [1002]
[Dec 4, 2022, 9:21:57 PM]: Peer [1004] has downloaded the piece [84] from [1001]
[Dec 4, 2022, 9:21:57 PM]: Peer [1004] received the 'have' message from [1002]
[Dec 4, 2022, 9:21:57 PM]: Peer [1004] has downloaded the piece [12] from [1001]
[Dec 4, 2022, 9:21:57 PM]: Peer [1004] received the 'have' message from [1002]
[Dec 4, 2022, 9:21:57 PM]: Peer [1004] has downloaded the piece [8] from [1001]
[Dec 4, 2022, 9:21:57 PM]: Peer [1004] received the 'have' message from [1002]
[Dec 4, 2022, 9:21:57 PM]: Peer [1004] has downloaded the piece [55] from [1001]
[Dec 4, 2022, 9:21:57 PM]: Peer [1004] received the 'have' message from [1002]
[Dec 4, 2022, 9:21:57 PM]: Peer [1004] has downloaded the piece [19] from [1001]
[Dec 4, 2022, 9:21:57 PM]: Peer [1004] received the 'have' message from [1002]
[Dec 4, 2022, 9:21:57 PM]: Peer [1004] has downloaded the piece [60] from [1001]
[Dec 4, 2022, 9:21:57 PM]: Peer [1004] received the 'have' message from [1002]
[Dec 4, 2022, 9:21:57 PM]: Peer [1004] has downloaded the piece [26] from [1001]
[Dec 4, 2022, 9:21:57 PM]: Peer [1004] received the 'have' message from [1002]
[Dec 4, 2022, 9:21:57 PM]: Peer [1004] has downloaded the piece [66] from [1001]
[Dec 4, 2022, 9:21:57 PM]: Peer [1004] received the 'have' message from [1002]
[Dec 4, 2022, 9:21:57 PM]: Peer [1004] has downloaded the piece [5] from [1001]
[Dec 4, 2022, 9:21:57 PM]: Peer [1004] received the 'have' message from [1005]
[Dec 4, 2022, 9:21:57 PM]: Peer [1004] received the 'have' message from [1002]
[Dec 4, 2022, 9:21:57 PM]: Peer [1004] has downloaded the piece [54] from [1001]
[Dec 4, 2022, 9:21:57 PM]: Peer [1004] received the 'have' message from [1005]
[Dec 4, 2022, 9:21:57 PM]: Peer [1004] received the 'have' message from [1002]
[Dec 4, 2022, 9:21:57 PM]: Peer [1004] has downloaded the piece [35] from [1001]
[Dec 4, 2022, 9:21:57 PM]: Peer [1004] received the 'have' message from [1005]
[Dec 4, 2022, 9:21:57 PM]: Peer [1004] received the 'have' message from [1002]
[Dec 4, 2022, 9:21:57 PM]: Peer [1004] has downloaded the piece [29] from [1001]
[Dec 4, 2022, 9:21:57 PM]: Peer [1004] received the 'have' message from [1005]
[Dec 4, 2022, 9:21:57 PM]: Peer [1004] received the 'have' message from [1002]
[Dec 4, 2022, 9:21:57 PM]: Peer [1004] has downloaded the piece [44] from [1001]
[Dec 4, 2022, 9:21:57 PM]: Peer [1004] received the 'have' message from [1005]
[Dec 4, 2022, 9:21:57 PM]: Peer [1004] received the 'have' message from [1002]
[Dec 4, 2022, 9:21:57 PM]: Peer [1004] has downloaded the piece [24] from [1001]
[Dec 4, 2022, 9:21:57 PM]: Peer [1004] received the 'have' message from [1005]
[Dec 4, 2022, 9:21:57 PM]: Peer [1004] received the 'have' message from [1002]
[Dec 4, 2022, 9:21:57 PM]: Peer [1004] has downloaded the piece [80] from [1001]
[Dec 4, 2022, 9:21:57 PM]: Peer [1004] received the 'have' message from [1005]
[Dec 4, 2022, 9:21:57 PM]: Peer [1004] received the 'have' message from [1002]
[Dec 4, 2022, 9:21:57 PM]: Peer [1004] has downloaded the piece [62] from [1001]
[Dec 4, 2022, 9:21:57 PM]: Peer [1004] received the 'have' message from [1005]
[Dec 4, 2022, 9:21:57 PM]: Peer [1004] received the 'have' message from [1002]
[Dec 4, 2022, 9:21:57 PM]: Peer [1004] has downloaded the piece [3] from [1001]
[Dec 4, 2022, 9:21:57 PM]: Peer [1004] received the 'have' message from [1005]
[Dec 4, 2022, 9:21:57 PM]: Peer [1004] received the 'have' message from [1002]
[Dec 4, 2022, 9:21:57 PM]: Peer [1004] has downloaded the piece [52] from [1001]
[Dec 4, 2022, 9:21:57 PM]: Peer [1004] received the 'have' message from [1005]
[Dec 4, 2022, 9:21:57 PM]: Peer [1004] received the 'have' message from [1002]
[Dec 4, 2022, 9:21:57 PM]: Peer [1004] has downloaded the piece [36] from [1001]
[Dec 4, 2022, 9:21:57 PM]: Peer [1004] received the 'have' message from [1005]
[Dec 4, 2022, 9:21:57 PM]: Peer [1004] received the 'have' message from [1002]
[Dec 4, 2022, 9:21:57 PM]: Peer [1004] has downloaded the piece [71] from [1001]
[Dec 4, 2022, 9:21:57 PM]: Peer [1004] received the 'have' message from [1005]
[Dec 4, 2022, 9:21:57 PM]: Peer [1004] received the 'have' message from [1002]
[Dec 4, 2022, 9:21:57 PM]: Peer [1004] has downloaded the piece [81] from [1001]
[Dec 4, 2022, 9:21:57 PM]: Peer [1004] received the 'have' message from [1005]
[Dec 4, 2022, 9:21:57 PM]: Peer [1004] received the 'have' message from [1002]
[Dec 4, 2022, 9:21:57 PM]: Peer [1004] has downloaded the piece [38] from [1001]
[Dec 4, 2022, 9:21:57 PM]: Peer [1004] received the 'have' message from [1005]
[Dec 4, 2022, 9:21:57 PM]: Peer [1004] received the 'have' message from [1002]
[Dec 4, 2022, 9:21:57 PM]: Peer [1004] has downloaded the piece [15] from [1001]
[Dec 4, 2022, 9:21:57 PM]: Peer [1004] received the 'have' message from [1005]
[Dec 4, 2022, 9:21:57 PM]: Peer [1004] received the 'have' message from [1002]
[Dec 4, 2022, 9:21:57 PM]: Peer [1004] has downloaded the piece [17] from [1001]
[Dec 4, 2022, 9:21:57 PM]: Peer [1004] received the 'have' message from [1005]
[Dec 4, 2022, 9:21:57 PM]: Peer [1004] received the 'have' message from [1002]
[Dec 4, 2022, 9:21:57 PM]: Peer [1004] has downloaded the piece [27] from [1001]
[Dec 4, 2022, 9:21:57 PM]: Peer [1004] received the 'have' message from [1005]
[Dec 4, 2022, 9:21:57 PM]: Peer [1004] received the 'have' message from [1002]
[Dec 4, 2022, 9:21:57 PM]: Peer [1004] has downloaded the piece [23] from [1001]
[Dec 4, 2022, 9:21:57 PM]: Peer [1004] received the 'have' message from [1005]
[Dec 4, 2022, 9:21:57 PM]: Peer [1004] received the 'have' message from [1002]
[Dec 4, 2022, 9:21:57 PM]: Peer [1004] has downloaded the piece [79] from [1001]
[Dec 4, 2022, 9:21:57 PM]: Peer [1004] received the 'have' message from [1005]
[Dec 4, 2022, 9:21:57 PM]: Peer [1004] has downloaded the piece [22] from [1001]
[Dec 4, 2022, 9:21:57 PM]: Peer [1004] received the 'have' message from [1002]
[Dec 4, 2022, 9:21:57 PM]: Peer [1004] received the 'have' message from [1005]
[Dec 4, 2022, 9:21:57 PM]: Peer [1004] has downloaded the piece [61] from [1001]
[Dec 4, 2022, 9:21:57 PM]: Peer [1004] received the 'have' message from [1002]
[Dec 4, 2022, 9:21:57 PM]: Peer [1004] received the 'have' message from [1005]
[Dec 4, 2022, 9:21:58 PM]: Peer [1004] has downloaded the piece [20] from [1001]
[Dec 4, 2022, 9:21:58 PM]: Peer [1004] received the 'have' message from [1002]
[Dec 4, 2022, 9:21:58 PM]: Peer [1004] received the 'have' message from [1005]
[Dec 4, 2022, 9:21:58 PM]: Peer [1004] received the 'have' message from [1002]
[Dec 4, 2022, 9:21:58 PM]: Peer [1004] has downloaded the piece [41] from [1001]
[Dec 4, 2022, 9:21:58 PM]: Peer [1004] received the 'have' message from [1005]
[Dec 4, 2022, 9:21:58 PM]: Peer [1004] received the 'have' message from [1002]
[Dec 4, 2022, 9:21:58 PM]: Peer [1004] has downloaded the piece [88] from [1001]
[Dec 4, 2022, 9:21:58 PM]: Peer [1004] has downloaded the complete file
[Dec 4, 2022, 9:21:58 PM]: Peer [1004] received the 'have' message from [1005]
[Dec 4, 2022, 9:21:58 PM]: Peer [1004] received the 'have' message from [1002]
[Dec 4, 2022, 9:21:58 PM]: Peer [1004] received the 'have' message from [1005]
[Dec 4, 2022, 9:21:58 PM]: Peer [1004] received the 'have' message from [1002]
[Dec 4, 2022, 9:21:58 PM]: Peer [1004] received the 'have' message from [1005]
[Dec 4, 2022, 9:21:58 PM]: Peer [1004] received the 'have' message from [1005]
[Dec 4, 2022, 9:21:58 PM]: Peer [1004] received the 'have' message from [1005]
[Dec 4, 2022, 9:21:58 PM]: Peer [1004] received the 'have' message from [1005]
[Dec 4, 2022, 9:21:58 PM]: Peer [1004] received the 'have' message from [1005]
[Dec 4, 2022, 9:21:58 PM]: Peer [1004] received the 'have' message from [1005]
[Dec 4, 2022, 9:21:58 PM]: Peer [1004] received the 'have' message from [1005]
[Dec 4, 2022, 9:21:58 PM]: Peer [1004] received the 'have' message from [1005]
[Dec 4, 2022, 9:21:58 PM]: Peer [1004] received the 'have' message from [1005]
[Dec 4, 2022, 9:21:58 PM]: Peer [1004] received the 'have' message from [1005]
[Dec 4, 2022, 9:21:58 PM]: Peer [1004] received the 'have' message from [1005]
[Dec 4, 2022, 9:21:58 PM]: Peer [1004] received the 'have' message from [1005]
[Dec 4, 2022, 9:21:58 PM]: Peer [1004] received the 'have' message from [1005]
[Dec 4, 2022, 9:21:58 PM]: Peer [1004] received the 'have' message from [1005]
[Dec 4, 2022, 9:21:58 PM]: Peer [1004] received the 'have' message from [1005]
[Dec 4, 2022, 9:21:58 PM]: Peer [1004] received the 'have' message from [1005]
[Dec 4, 2022, 9:21:58 PM]: Peer [1004] received the 'have' message from [1005]
[Dec 4, 2022, 9:21:58 PM]: Peer [1004] received the 'have' message from [1005]
[Dec 4, 2022, 9:21:58 PM]: Peer [1004] received the 'have' message from [1005]
[Dec 4, 2022, 9:21:58 PM]: Peer [1004] received the 'have' message from [1005]
[Dec 4, 2022, 9:21:58 PM]: Peer [1004] received the 'have' message from [1005]
[Dec 4, 2022, 9:21:58 PM]: Peer [1004] received the 'have' message from [1005]
[Dec 4, 2022, 9:21:58 PM]: Peer [1004] received the 'have' message from [1005]
[Dec 4, 2022, 9:21:58 PM]: Peer [1004] received the 'have' message from [1005]
[Dec 4, 2022, 9:21:58 PM]: Peer [1004] received the 'have' message from [1005]
[Dec 4, 2022, 9:21:58 PM]: Peer [1004] received the 'have' message from [1005]
[Dec 4, 2022, 9:21:58 PM]: Peer [1004] received the 'have' message from [1005]
[Dec 4, 2022, 9:21:58 PM]: Peer [1004] received the 'have' message from [1005]
[Dec 4, 2022, 9:21:58 PM]: Peer [1004] received the 'have' message from [1005]
[Dec 4, 2022, 9:21:58 PM]: Peer [1004] received the 'have' message from [1005]
[Dec 4, 2022, 9:21:58 PM]: Peer [1004] received the 'have' message from [1005]
[Dec 4, 2022, 9:21:58 PM]: Peer [1004] received the 'have' message from [1005]
[Dec 4, 2022, 9:21:58 PM]: Peer [1004] received the 'have' message from [1005]
[Dec 4, 2022, 9:21:58 PM]: Peer [1004] received the 'have' message from [1005]
[Dec 4, 2022, 9:21:58 PM]: Peer [1004] received the 'have' message from [1005]
[Dec 4, 2022, 9:21:58 PM]: Peer [1004] received the 'have' message from [1005]
[Dec 4, 2022, 9:21:58 PM]: Peer [1004] received the 'have' message from [1005]
[Dec 4, 2022, 9:21:58 PM]: Peer [1004] received the 'have' message from [1005]
[Dec 4, 2022, 9:21:58 PM]: Peer [1004] received the 'have' message from [1003]
[Dec 4, 2022, 9:21:58 PM]: Peer [1004] received the 'have' message from [1005]
[Dec 4, 2022, 9:21:58 PM]: Peer [1004] received the 'have' message from [1003]
[Dec 4, 2022, 9:21:58 PM]: Peer [1004] received the 'have' message from [1005]
[Dec 4, 2022, 9:21:58 PM]: Peer [1004] received the 'have' message from [1003]
[Dec 4, 2022, 9:21:58 PM]: Peer [1004] received the 'have' message from [1005]
[Dec 4, 2022, 9:21:58 PM]: Peer [1004] received the 'have' message from [1003]
[Dec 4, 2022, 9:21:58 PM]: Peer [1004] received the 'have' message from [1005]
[Dec 4, 2022, 9:21:58 PM]: Peer [1004] received the 'have' message from [1003]
[Dec 4, 2022, 9:21:58 PM]: Peer [1004] received the 'have' message from [1005]
[Dec 4, 2022, 9:21:58 PM]: Peer [1004] received the 'have' message from [1003]
[Dec 4, 2022, 9:21:58 PM]: Peer [1004] received the 'have' message from [1005]
[Dec 4, 2022, 9:21:58 PM]: Peer [1004] received the 'have' message from [1003]
[Dec 4, 2022, 9:21:58 PM]: Peer [1004] received the 'have' message from [1005]
[Dec 4, 2022, 9:21:58 PM]: Peer [1004] received the 'have' message from [1003]
[Dec 4, 2022, 9:21:58 PM]: Peer [1004] received the 'have' message from [1005]
[Dec 4, 2022, 9:21:58 PM]: Peer [1004] has the preferred neighbors [1003,1002]
[Dec 4, 2022, 9:21:58 PM]: Peer [1004] received the 'not interested' message from [1002]
[Dec 4, 2022, 9:21:58 PM]: Peer [1004] received the 'have' message from [1003]
[Dec 4, 2022, 9:21:58 PM]: Peer [1004] received the 'have' message from [1005]
[Dec 4, 2022, 9:21:58 PM]: Peer [1004] received the 'have' message from [1003]
[Dec 4, 2022, 9:21:58 PM]: Peer [1004] received the 'have' message from [1003]
[Dec 4, 2022, 9:21:58 PM]: Peer [1004] received the 'have' message from [1005]
[Dec 4, 2022, 9:21:58 PM]: Peer [1004] received the 'have' message from [1003]
[Dec 4, 2022, 9:21:58 PM]: Peer [1004] received the 'have' message from [1005]
[Dec 4, 2022, 9:21:58 PM]: Peer [1004] received the 'have' message from [1003]
[Dec 4, 2022, 9:21:58 PM]: Peer [1004] received the 'have' message from [1003]
[Dec 4, 2022, 9:21:58 PM]: Peer [1004] received the 'have' message from [1005]
[Dec 4, 2022, 9:21:58 PM]: Peer [1004] received the 'have' message from [1003]
[Dec 4, 2022, 9:21:58 PM]: Peer [1004] received the 'have' message from [1003]
[Dec 4, 2022, 9:21:58 PM]: Peer [1004] received the 'have' message from [1003]
[Dec 4, 2022, 9:21:58 PM]: Peer [1004] received the 'have' message from [1005]
[Dec 4, 2022, 9:21:58 PM]: Peer [1004] received the 'have' message from [1003]
[Dec 4, 2022, 9:21:58 PM]: Peer [1004] received the 'have' message from [1003]
[Dec 4, 2022, 9:21:58 PM]: Peer [1004] received the 'have' message from [1003]
[Dec 4, 2022, 9:21:58 PM]: Peer [1004] received the 'have' message from [1005]
[Dec 4, 2022, 9:21:58 PM]: Peer [1004] received the 'have' message from [1003]
[Dec 4, 2022, 9:21:58 PM]: Peer [1004] received the 'have' message from [1003]
[Dec 4, 2022, 9:21:58 PM]: Peer [1004] received the 'have' message from [1003]
[Dec 4, 2022, 9:21:58 PM]: Peer [1004] received the 'have' message from [1005]
[Dec 4, 2022, 9:21:58 PM]: Peer [1004] received the 'have' message from [1003]
[Dec 4, 2022, 9:21:58 PM]: Peer [1004] received the 'have' message from [1003]
[Dec 4, 2022, 9:21:58 PM]: Peer [1004] received the 'have' message from [1003]
[Dec 4, 2022, 9:21:58 PM]: Peer [1004] received the 'have' message from [1005]
[Dec 4, 2022, 9:21:58 PM]: Peer [1004] received the 'have' message from [1003]
[Dec 4, 2022, 9:21:58 PM]: Peer [1004] received the 'have' message from [1003]
[Dec 4, 2022, 9:21:58 PM]: Peer [1004] received the 'have' message from [1003]
[Dec 4, 2022, 9:21:58 PM]: Peer [1004] received the 'have' message from [1005]
[Dec 4, 2022, 9:21:58 PM]: Peer [1004] received the 'have' message from [1003]
[Dec 4, 2022, 9:21:58 PM]: Peer [1004] received the 'have' message from [1003]
[Dec 4, 2022, 9:21:58 PM]: Peer [1004] received the 'have' message from [1003]
[Dec 4, 2022, 9:21:58 PM]: Peer [1004] received the 'have' message from [1005]
[Dec 4, 2022, 9:21:58 PM]: Peer [1004] received the 'have' message from [1003]
[Dec 4, 2022, 9:21:58 PM]: Peer [1004] received the 'have' message from [1003]
[Dec 4, 2022, 9:21:58 PM]: Peer [1004] received the 'have' message from [1003]
[Dec 4, 2022, 9:21:58 PM]: Peer [1004] received the 'have' message from [1005]
[Dec 4, 2022, 9:21:58 PM]: Peer [1004] received the 'have' message from [1003]
[Dec 4, 2022, 9:21:58 PM]: Peer [1004] received the 'have' message from [1005]
[Dec 4, 2022, 9:21:58 PM]: Peer [1004] received the 'have' message from [1003]
[Dec 4, 2022, 9:21:58 PM]: Peer [1004] received the 'have' message from [1003]
[Dec 4, 2022, 9:21:58 PM]: Peer [1004] received the 'have' message from [1003]
[Dec 4, 2022, 9:21:58 PM]: Peer [1004] received the 'have' message from [1005]
[Dec 4, 2022, 9:21:58 PM]: Peer [1004] received the 'have' message from [1003]
[Dec 4, 2022, 9:21:58 PM]: Peer [1004] received the 'have' message from [1003]
[Dec 4, 2022, 9:21:58 PM]: Peer [1004] received the 'have' message from [1003]
[Dec 4, 2022, 9:21:58 PM]: Peer [1004] received the 'have' message from [1005]
[Dec 4, 2022, 9:21:58 PM]: Peer [1004] received the 'have' message from [1003]
[Dec 4, 2022, 9:21:58 PM]: Peer [1004] received the 'have' message from [1003]
[Dec 4, 2022, 9:21:58 PM]: Peer [1004] received the 'have' message from [1003]
[Dec 4, 2022, 9:21:59 PM]: Peer [1004] received the 'have' message from [1005]
[Dec 4, 2022, 9:21:59 PM]: Peer [1004] received the 'have' message from [1003]
[Dec 4, 2022, 9:21:59 PM]: Peer [1004] received the 'have' message from [1003]
[Dec 4, 2022, 9:21:59 PM]: Peer [1004] received the 'have' message from [1003]
[Dec 4, 2022, 9:21:59 PM]: Peer [1004] received the 'have' message from [1005]
[Dec 4, 2022, 9:21:59 PM]: Peer [1004] received the 'have' message from [1003]
[Dec 4, 2022, 9:21:59 PM]: Peer [1004] received the 'have' message from [1003]
[Dec 4, 2022, 9:21:59 PM]: Peer [1004] received the 'have' message from [1003]
[Dec 4, 2022, 9:21:59 PM]: Peer [1004] received the 'have' message from [1005]
[Dec 4, 2022, 9:21:59 PM]: Peer [1004] received the 'have' message from [1003]
[Dec 4, 2022, 9:21:59 PM]: Peer [1004] received the 'have' message from [1003]
[Dec 4, 2022, 9:21:59 PM]: Peer [1004] received the 'have' message from [1003]
[Dec 4, 2022, 9:21:59 PM]: Peer [1004] received the 'have' message from [1005]
[Dec 4, 2022, 9:21:59 PM]: Peer [1004] received the 'have' message from [1003]
[Dec 4, 2022, 9:21:59 PM]: Peer [1004] received the 'have' message from [1003]
[Dec 4, 2022, 9:21:59 PM]: Peer [1004] received the 'have' message from [1005]
[Dec 4, 2022, 9:21:59 PM]: Peer [1004] received the 'have' message from [1003]
[Dec 4, 2022, 9:21:59 PM]: Peer [1004] received the 'have' message from [1003]
[Dec 4, 2022, 9:21:59 PM]: Peer [1004] received the 'have' message from [1003]
[Dec 4, 2022, 9:21:59 PM]: Peer [1004] received the 'have' message from [1005]
[Dec 4, 2022, 9:21:59 PM]: Peer [1004] received the 'have' message from [1003]
[Dec 4, 2022, 9:21:59 PM]: Peer [1004] received the 'have' message from [1003]
[Dec 4, 2022, 9:21:59 PM]: Peer [1004] received the 'have' message from [1003]
[Dec 4, 2022, 9:21:59 PM]: Peer [1004] received the 'have' message from [1005]
[Dec 4, 2022, 9:21:59 PM]: Peer [1004] received the 'have' message from [1003]
[Dec 4, 2022, 9:21:59 PM]: Peer [1004] received the 'have' message from [1003]
[Dec 4, 2022, 9:21:59 PM]: Peer [1004] received the 'have' message from [1003]
[Dec 4, 2022, 9:21:59 PM]: Peer [1004] received the 'have' message from [1003]
[Dec 4, 2022, 9:21:59 PM]: Peer [1004] received the 'have' message from [1005]
[Dec 4, 2022, 9:21:59 PM]: Peer [1004] received the 'have' message from [1003]
[Dec 4, 2022, 9:21:59 PM]: Peer [1004] received the 'have' message from [1003]
[Dec 4, 2022, 9:21:59 PM]: Peer [1004] received the 'have' message from [1003]
[Dec 4, 2022, 9:21:59 PM]: Peer [1004] received the 'have' message from [1003]
[Dec 4, 2022, 9:21:59 PM]: Peer [1004] received the 'have' message from [1003]
[Dec 4, 2022, 9:21:59 PM]: Peer [1004] received the 'have' message from [1003]
[Dec 4, 2022, 9:21:59 PM]: Peer [1004] received the 'have' message from [1003]
[Dec 4, 2022, 9:21:59 PM]: Peer [1004] received the 'have' message from [1003]
[Dec 4, 2022, 9:21:59 PM]: Peer [1004] received the 'have' message from [1003]
[Dec 4, 2022, 9:21:59 PM]: Peer [1004] received the 'have' message from [1003]
[Dec 4, 2022, 9:21:59 PM]: Peer [1004] received the 'have' message from [1003]
[Dec 4, 2022, 9:21:59 PM]: Peer [1004] received the 'have' message from [1003]
[Dec 4, 2022, 9:21:59 PM]: Peer [1004] received the 'not interested' message from [1003]
[Dec 4, 2022, 9:21:59 PM]: Peer [1004] received the 'have' message from [1003]
[Dec 4, 2022, 9:21:59 PM]: Peer [1004] received the 'have' message from [1003]
[Dec 4, 2022, 9:21:59 PM]: Peer [1004] received the 'have' message from [1003]
[Dec 4, 2022, 9:21:59 PM]: Peer [1004] received the 'have' message from [1003]
[Dec 4, 2022, 9:21:59 PM]: Peer [1004] received the 'have' message from [1003]
[Dec 4, 2022, 9:21:59 PM]: Peer [1004] received the 'have' message from [1003]
[Dec 4, 2022, 9:21:59 PM]: Peer [1004] received the 'have' message from [1003]
[Dec 4, 2022, 9:21:59 PM]: Peer [1004] received the 'have' message from [1003]
[Dec 4, 2022, 9:21:59 PM]: Peer [1004] received the 'have' message from [1003]
[Dec 4, 2022, 9:21:59 PM]: Peer [1004] received the 'have' message from [1003]
[Dec 4, 2022, 9:21:59 PM]: Peer [1004] received the 'have' message from [1003]
[Dec 4, 2022, 9:21:59 PM]: Peer [1004] received the 'have' message from [1003]
[Dec 4, 2022, 9:21:59 PM]: Peer [1004] received the 'have' message from [1003]
[Dec 4, 2022, 9:21:59 PM]: Peer [1004] received the 'have' message from [1003]
[Dec 4, 2022, 9:21:59 PM]: Peer [1004] received the 'have' message from [1003]
[Dec 4, 2022, 9:21:59 PM]: Peer [1004] received the 'have' message from [1003]
[Dec 4, 2022, 9:21:59 PM]: Peer [1004] is choked by [1001]
[Dec 4, 2022, 9:21:59 PM]: Peer [1004] is unchoked by [1001]
[Dec 4, 2022, 9:22:00 PM]: Peer [1004] has the optimistically unchoked neighbor [1001]
[Dec 4, 2022, 9:22:00 PM]: Peer [1004] is unchoked by [1005]
[Dec 4, 2022, 9:22:01 PM]: Peer [1004] is unchoked by [1002]
[Dec 4, 2022, 9:22:01 PM]: Peer [1004] has the preferred neighbors [1003,1001]
[Dec 4, 2022, 9:22:02 PM]: Peer [1004] is choked by [1001]
[Dec 4, 2022, 9:22:04 PM]: Peer [1004] is choked by [1002]
[Dec 4, 2022, 9:22:04 PM]: Peer [1004] has the preferred neighbors [1001,1003]
[Dec 4, 2022, 9:22:04 PM]: Peer [1004] has the optimistically unchoked neighbor [1002]
[Dec 4, 2022, 9:22:04 PM]: Peer [1004] is choked by [1005]
